Generated at 2020-05-11 17:33:40 +0000
Net::HTTPFatalError: 500 "Internal Server Error"
/opt/chefdk/embedded/lib/ruby/2.3.0/net/http/response.rb:120:in `error!'
/opt/chefdk/embedded/lib/ruby/gems/2.3.0/gems/chef-12.14.89/lib/chef/http.rb:150:in `request'
/opt/chefdk/embedded/lib/ruby/gems/2.3.0/gems/chef-12.14.89/lib/chef/http.rb:131:in `post'
/opt/chefdk/embedded/lib/ruby/gems/2.3.0/gems/chef-12.14.89/lib/chef/node.rb:620:in `create'
/opt/chefdk/embedded/lib/ruby/gems/2.3.0/gems/chef-12.14.89/lib/chef/node.rb:573:in `rescue in find_or_create'
/opt/chefdk/embedded/lib/ruby/gems/2.3.0/gems/chef-12.14.89/lib/chef/node.rb:569:in `find_or_create'
/opt/chefdk/embedded/lib/ruby/gems/2.3.0/gems/chef-12.14.89/lib/chef/policy_builder/dynamic.rb:72:in `load_node'
/opt/chefdk/embedded/lib/ruby/gems/2.3.0/gems/chef-12.14.89/lib/chef/client.rb:467:in `load_node'
/opt/chefdk/embedded/lib/ruby/gems/2.3.0/gems/chef-12.14.89/lib/chef/client.rb:269:in `run'
/opt/chefdk/embedded/lib/ruby/gems/2.3.0/gems/chef-12.14.89/lib/chef/application.rb:302:in `block in fork_chef_client'
/opt/chefdk/embedded/lib/ruby/gems/2.3.0/gems/chef-12.14.89/lib/chef/application.rb:290:in `fork'
/opt/chefdk/embedded/lib/ruby/gems/2.3.0/gems/chef-12.14.89/lib/chef/application.rb:290:in `fork_chef_client'
/opt/chefdk/embedded/lib/ruby/gems/2.3.0/gems/chef-12.14.89/lib/chef/application.rb:255:in `block in run_chef_client'
/opt/chefdk/embedded/lib/ruby/gems/2.3.0/gems/chef-12.14.89/lib/chef/local_mode.rb:44:in `with_server_connectivity'
/opt/chefdk/embedded/lib/ruby/gems/2.3.0/gems/chef-12.14.89/lib/chef/application.rb:243:in `run_chef_client'
/opt/chefdk/embedded/lib/ruby/gems/2.3.0/gems/chef-12.14.89/lib/chef/application/client.rb:464:in `sleep_then_run_chef_client'
/opt/chefdk/embedded/lib/ruby/gems/2.3.0/gems/chef-12.14.89/lib/chef/application/client.rb:451:in `block in interval_run_chef_client'
/opt/chefdk/embedded/lib/ruby/gems/2.3.0/gems/chef-12.14.89/lib/chef/application/client.rb:450:in `loop'
/opt/chefdk/embedded/lib/ruby/gems/2.3.0/gems/chef-12.14.89/lib/chef/application/client.rb:450:in `interval_run_chef_client'
/opt/chefdk/embedded/lib/ruby/gems/2.3.0/gems/chef-12.14.89/lib/chef/application/client.rb:434:in `run_application'
/opt/chefdk/embedded/lib/ruby/gems/2.3.0/gems/chef-12.14.89/lib/chef/application.rb:60:in `run'
/opt/chefdk/embedded/lib/ruby/gems/2.3.0/gems/chef-12.14.89/bin/chef-client:26:in `<top (required)>'
/usr/bin/chef-client:57:in `load'
/usr/bin/chef-client:57:in `<main>'

>>>> Caused by Net::HTTPServerException: 404 "Not Found"
/opt/chefdk/embedded/lib/ruby/2.3.0/net/http/response.rb:120:in `error!'
/opt/chefdk/embedded/lib/ruby/gems/2.3.0/gems/chef-12.14.89/lib/chef/http.rb:150:in `request'
/opt/chefdk/embedded/lib/ruby/gems/2.3.0/gems/chef-12.14.89/lib/chef/http.rb:115:in `get'
/opt/chefdk/embedded/lib/ruby/gems/2.3.0/gems/chef-12.14.89/lib/chef/node.rb:585:in `load'
/opt/chefdk/embedded/lib/ruby/gems/2.3.0/gems/chef-12.14.89/lib/chef/node.rb:569:in `find_or_create'
/opt/chefdk/embedded/lib/ruby/gems/2.3.0/gems/chef-12.14.89/lib/chef/policy_builder/dynamic.rb:72:in `load_node'
/opt/chefdk/embedded/lib/ruby/gems/2.3.0/gems/chef-12.14.89/lib/chef/client.rb:467:in `load_node'
/opt/chefdk/embedded/lib/ruby/gems/2.3.0/gems/chef-12.14.89/lib/chef/client.rb:269:in `run'
/opt/chefdk/embedded/lib/ruby/gems/2.3.0/gems/chef-12.14.89/lib/chef/application.rb:302:in `block in fork_chef_client'
/opt/chefdk/embedded/lib/ruby/gems/2.3.0/gems/chef-12.14.89/lib/chef/application.rb:290:in `fork'
/opt/chefdk/embedded/lib/ruby/gems/2.3.0/gems/chef-12.14.89/lib/chef/application.rb:290:in `fork_chef_client'
/opt/chefdk/embedded/lib/ruby/gems/2.3.0/gems/chef-12.14.89/lib/chef/application.rb:255:in `block in run_chef_client'
/opt/chefdk/embedded/lib/ruby/gems/2.3.0/gems/chef-12.14.89/lib/chef/local_mode.rb:44:in `with_server_connectivity'
/opt/chefdk/embedded/lib/ruby/gems/2.3.0/gems/chef-12.14.89/lib/chef/application.rb:243:in `run_chef_client'
/opt/chefdk/embedded/lib/ruby/gems/2.3.0/gems/chef-12.14.89/lib/chef/application/client.rb:464:in `sleep_then_run_chef_client'
/opt/chefdk/embedded/lib/ruby/gems/2.3.0/gems/chef-12.14.89/lib/chef/application/client.rb:451:in `block in interval_run_chef_client'
/opt/chefdk/embedded/lib/ruby/gems/2.3.0/gems/chef-12.14.89/lib/chef/application/client.rb:450:in `loop'
/opt/chefdk/embedded/lib/ruby/gems/2.3.0/gems/chef-12.14.89/lib/chef/application/client.rb:450:in `interval_run_chef_client'
/opt/chefdk/embedded/lib/ruby/gems/2.3.0/gems/chef-12.14.89/lib/chef/application/client.rb:434:in `run_application'
/opt/chefdk/embedded/lib/ruby/gems/2.3.0/gems/chef-12.14.89/lib/chef/application.rb:60:in `run'
/opt/chefdk/embedded/lib/ruby/gems/2.3.0/gems/chef-12.14.89/bin/chef-client:26:in `<top (required)>'
/usr/bin/chef-client:57:in `load'
/usr/bin/chef-client:57:in `<main>'